<?xml version="1.0" encoding="UTF-8"?>
<!-- Generated by org.testng.reporters.JUnitXMLReporter -->
<testsuite hostname="DESKTOP-0V9GP84" name="Test" tests="4" failures="0" timestamp="4 Dec 2020 14:48:55 GMT" time="52.051" errors="0">
  <testcase name="verifyTitle" time="0.016" classname="basics.Fb"/>
  <testcase name="verifyUrl" time="0.051" classname="basics.Fb"/>
  <testcase name="verifyTitle" time="0.019" classname="basics.Google"/>
  <testcase name="verifyUrl" time="0.011" classname="basics.Google"/>
</testsuite> <!-- Test -->
