<?xml version="1.0" encoding="UTF-8"?>
<testng-results skipped="0" failed="0" total="4" passed="4">
  <reporter-output>
  </reporter-output>
  <suite name="RegressionSuite" duration-ms="52051" started-at="2020-12-04T14:48:03Z" finished-at="2020-12-04T14:48:55Z">
    <groups>
    </groups>
    <test name="Test" duration-ms="52051" started-at="2020-12-04T14:48:03Z" finished-at="2020-12-04T14:48:55Z">
      <class name="basics.Fb">
        <test-method status="PASS" signature="setUp()[pri:0, instance:basics.Fb@4157f54e]" name="setUp" is-config="true" duration-ms="30587" started-at="2020-12-04T20:18:03Z" finished-at="2020-12-04T20:18:34Z">
          <reporter-output>
          </reporter-output>
        </test-method> <!-- setUp -->
        <test-method status="PASS" signature="setUp()[pri:0, instance:basics.Google@90f6bfd]" name="setUp" is-config="true" duration-ms="21035" started-at="2020-12-04T20:18:34Z" finished-at="2020-12-04T20:18:55Z">
          <reporter-output>
          </reporter-output>
        </test-method> <!-- setUp -->
        <test-method status="PASS" signature="verifyTitle()[pri:1, instance:basics.Fb@4157f54e]" name="verifyTitle" duration-ms="16" started-at="2020-12-04T20:18:55Z" finished-at="2020-12-04T20:18:55Z">
          <reporter-output>
          </reporter-output>
        </test-method> <!-- verifyTitle -->
        <test-method status="PASS" signature="verifyUrl()[pri:2, instance:basics.Fb@4157f54e]" name="verifyUrl" duration-ms="51" started-at="2020-12-04T20:18:55Z" finished-at="2020-12-04T20:18:55Z">
          <reporter-output>
          </reporter-output>
        </test-method> <!-- verifyUrl -->
        <test-method status="PASS" signature="tearDown()[pri:0, instance:basics.Fb@4157f54e]" name="tearDown" is-config="true" duration-ms="104" started-at="2020-12-04T20:18:55Z" finished-at="2020-12-04T20:18:55Z">
          <reporter-output>
          </reporter-output>
        </test-method> <!-- tearDown -->
        <test-method status="PASS" signature="tearDown()[pri:0, instance:basics.Google@90f6bfd]" name="tearDown" is-config="true" duration-ms="204" started-at="2020-12-04T20:18:55Z" finished-at="2020-12-04T20:18:55Z">
          <reporter-output>
          </reporter-output>
        </test-method> <!-- tearDown -->
      </class> <!-- basics.Fb -->
      <class name="basics.Google">
        <test-method status="PASS" signature="verifyTitle()[pri:1, instance:basics.Google@90f6bfd]" name="verifyTitle" duration-ms="19" started-at="2020-12-04T20:18:55Z" finished-at="2020-12-04T20:18:55Z">
          <reporter-output>
          </reporter-output>
        </test-method> <!-- verifyTitle -->
        <test-method status="PASS" signature="verifyUrl()[pri:2, instance:basics.Google@90f6bfd]" name="verifyUrl" duration-ms="11" started-at="2020-12-04T20:18:55Z" finished-at="2020-12-04T20:18:55Z">
          <reporter-output>
          </reporter-output>
        </test-method> <!-- verifyUrl -->
      </class> <!-- basics.Google -->
    </test> <!-- Test -->
  </suite> <!-- RegressionSuite -->
</testng-results>
